<?xml version="1.0" encoding="UTF-8"?>
<!-- Generated by org.testng.reporters.JUnitReportReporter -->
<testsuite hostname="DESKTOP-BVGCRPN" failures="0" tests="1" name="testngdemo.databaseTest" time="0.006" errors="0" timestamp="2023-05-19T12:14:03 IST" skipped="0">
  <testcase classname="testngdemo.databaseTest" name="getEmployeesFromDataBase" time="0.006"/>
  <system-out/>
</testsuite> <!-- testngdemo.databaseTest -->
