<?xml version="1.0" encoding="UTF-8"?>
<!-- Generated by org.testng.reporters.JUnitReportReporter -->
<testsuite hostname="DESKTOP-BVGCRPN" failures="0" tests="2" name="testngdemo.annotations" time="0.014" errors="0" timestamp="2023-05-17T15:53:08 IST" skipped="0">
  <testcase classname="testngdemo.annotations" name="testcase2" time="0.003"/>
  <system-out/>
  <testcase classname="testngdemo.annotations" name="Testcase1" time="0.011"/>
  <system-out/>
</testsuite> <!-- testngdemo.annotations -->
