<?xml version="1.0" encoding="UTF-8"?>
<!-- Generated by org.testng.reporters.JUnitReportReporter -->
<testsuite hostname="DESKTOP-BVGCRPN" failures="0" tests="1" name="testngdemo.Lms" time="14.888" errors="0" timestamp="2022-11-03T09:43:23 IST" skipped="0">
  <testcase classname="testngdemo.Lms" name="login" time="14.888"/>
  <system-out/>
</testsuite> <!-- testngdemo.Lms -->
