<?xml version="1.0" encoding="UTF-8"?>
<!-- Generated by org.testng.reporters.JUnitReportReporter -->
<testsuite hostname="DESKTOP-BVGCRPN" failures="0" tests="1" name="testngdemo.secondtestngprog" time="8.263" errors="0" timestamp="2022-11-03T08:50:07 IST" skipped="0">
  <testcase classname="testngdemo.secondtestngprog" name="cravita_testcase" time="8.263"/>
  <system-out/>
</testsuite> <!-- testngdemo.secondtestngprog -->
