<?xml version="1.0" encoding="UTF-8"?>
<!-- Generated by org.testng.reporters.JUnitReportReporter -->
<testsuite hostname="DESKTOP-BVGCRPN" failures="0" tests="1" name="testngdemo.firsttestngprog" time="6.275" errors="0" timestamp="2022-11-03T08:50:07 IST" skipped="0">
  <testcase classname="testngdemo.firsttestngprog" name="google_testcase" time="6.275"/>
  <system-out/>
</testsuite> <!-- testngdemo.firsttestngprog -->
