<?xml version="1.0" encoding="UTF-8"?>
<!-- Generated by org.testng.reporters.JUnitReportReporter -->
<testsuite hostname="DESKTOP-BVGCRPN" failures="0" tests="6" name="testngdemo.DDTExcel" time="94.052" errors="0" timestamp="2023-01-31T14:28:52 IST" skipped="0">
  <testcase classname="testngdemo.DDTExcel" name="DemoProject" time="13.118"/>
  <system-out/>
  <testcase classname="testngdemo.DDTExcel" name="DemoProject" time="17.722"/>
  <system-out/>
  <testcase classname="testngdemo.DDTExcel" name="DemoProject" time="14.482"/>
  <system-out/>
  <testcase classname="testngdemo.DDTExcel" name="DemoProject" time="18.742"/>
  <system-out/>
  <testcase classname="testngdemo.DDTExcel" name="DemoProject" time="15.899"/>
  <system-out/>
  <testcase classname="testngdemo.DDTExcel" name="DemoProject" time="14.089"/>
  <system-out/>
</testsuite> <!-- testngdemo.DDTExcel -->
