<?xml version="1.0" encoding="UTF-8"?>
<!-- Generated by org.testng.reporters.JUnitReportReporter -->
<testsuite hostname="DESKTOP-BVGCRPN" failures="0" tests="2" name="testngdemo.Dataprovide" time="13.831" errors="0" timestamp="2023-01-31T12:22:08 IST" skipped="0">
  <testcase classname="testngdemo.Dataprovide" name="TestChrome" time="6.399"/>
  <system-out/>
  <testcase classname="testngdemo.Dataprovide" name="TestChrome" time="7.432"/>
  <system-out/>
</testsuite> <!-- testngdemo.Dataprovide -->
